<?xml version="1.0" encoding="UTF-8"?>
<!-- Generated by org.testng.reporters.JUnitXMLReporter -->
<testsuite ignored="0" hostname="EC2AMAZ-S11DBRH" failures="0" tests="4" name="Default test" time="0.069" errors="0" timestamp="2023-12-14T18:42:42 GMT">
  <testcase classname="paralleltest.SampleTestFour" name="testfour" time="0.012"/>
  <testcase classname="paralleltest.SampleTestFour" name="testone" time="0.003"/>
  <testcase classname="paralleltest.SampleTestFour" name="testthree" time="0.002"/>
  <testcase classname="paralleltest.SampleTestFour" name="testtwo" time="0.002"/>
</testsuite> <!-- Default test -->
