<?xml version="1.0" encoding="UTF-8"?>
<!-- Generated by org.testng.reporters.JUnitXMLReporter -->
<testsuite ignored="2" hostname="EC2AMAZ-S11DBRH" failures="0" tests="6" name="TestNG" time="0.084" errors="0" timestamp="2023-12-19T17:02:33 GMT">
  <testcase classname="TestScripts.SampleTestThree" name="testfour" time="0.01"/>
  <testcase classname="TestScripts.SampleTestThree" name="testone" time="0.003"/>
  <testcase classname="TestScripts.SampleTestThree" name="testtwo" time="0.002"/>
  <testcase classname="TestScripts.SampleTestFour" name="testfour" time="0.003"/>
  <testcase classname="TestScripts.SampleTestFour" name="testone" time="0.002"/>
  <testcase classname="TestScripts.SampleTestFour" name="testtwo" time="0.002"/>
  <testcase classname="TestScripts.SampleTestFour" name="testthree" time="0.0">
    <ignored/>
  </testcase> <!-- testthree -->
  <testcase classname="TestScripts.SampleTestThree" name="testthree" time="0.0">
    <ignored/>
  </testcase> <!-- testthree -->
</testsuite> <!-- TestNG -->
