<?xml version="1.0" encoding="UTF-8"?>
<!-- Generated by org.testng.reporters.JUnitXMLReporter -->
<testsuite ignored="0" hostname="EC2AMAZ-S11DBRH" failures="0" tests="10" name="ModuleOneTest" time="0.115" errors="0" timestamp="2023-12-19T17:19:45 GMT">
  <testcase classname="paralleltest.SampleTestThree" name="testfour" time="0.017"/>
  <testcase classname="paralleltest.SampleTestOne" name="testOne" time="0.018"/>
  <testcase classname="paralleltest.SampleTestTwo" name="testOne" time="0.018"/>
  <testcase classname="paralleltest.SampleTestOne" name="testThree" time="0.004"/>
  <testcase classname="paralleltest.SampleTestThree" name="testone" time="0.014"/>
  <testcase classname="paralleltest.SampleTestTwo" name="testThree" time="0.02"/>
  <testcase classname="paralleltest.SampleTestThree" name="testthree" time="0.002"/>
  <testcase classname="paralleltest.SampleTestOne" name="testTwo" time="0.017"/>
  <testcase classname="paralleltest.SampleTestThree" name="testtwo" time="0.004"/>
  <testcase classname="paralleltest.SampleTestTwo" name="testTwo" time="0.002"/>
</testsuite> <!-- ModuleOneTest -->
