<?xml version="1.0" encoding="UTF-8"?>
<!-- Generated by org.testng.reporters.JUnitXMLReporter -->
<testsuite ignored="0" hostname="EC2AMAZ-S11DBRH" failures="0" tests="10" name="ModuleOneTest" time="0.116" errors="0" timestamp="2023-12-14T18:40:53 GMT">
  <testcase classname="paralleltest.SampleTestOne" name="testOne" time="0.014"/>
  <testcase classname="paralleltest.SampleTestTwo" name="testOne" time="0.014"/>
  <testcase classname="paralleltest.SampleTestOne" name="testThree" time="0.005"/>
  <testcase classname="paralleltest.SampleTestTwo" name="testThree" time="0.008"/>
  <testcase classname="paralleltest.SampleTestOne" name="testTwo" time="0.005"/>
  <testcase classname="paralleltest.SampleTestTwo" name="testTwo" time="0.001"/>
  <testcase classname="paralleltest.SampleTestThree" name="testfour" time="0.006"/>
  <testcase classname="paralleltest.SampleTestThree" name="testone" time="0.004"/>
  <testcase classname="paralleltest.SampleTestThree" name="testthree" time="0.003"/>
  <testcase classname="paralleltest.SampleTestThree" name="testtwo" time="0.002"/>
</testsuite> <!-- ModuleOneTest -->
