<?xml version="1.0" encoding="UTF-8"?>
<testng-results ignored="0" total="10" passed="10" failed="0" skipped="0">
  <reporter-output>
  </reporter-output>
  <suite started-at="2023-12-19T17:19:45 GMT" name="SampleSuite" finished-at="2023-12-19T17:19:45 GMT" duration-ms="115">
    <groups>
      <group name="feature2">
        <method signature="SampleTestThree.testtwo()[pri:0, instance:paralleltest.SampleTestThree@44a7bfbc]" name="testtwo" class="paralleltest.SampleTestThree"/>
      </group> <!-- feature2 -->
      <group name="feature4">
        <method signature="SampleTestThree.testfour()[pri:0, instance:paralleltest.SampleTestThree@44a7bfbc]" name="testfour" class="paralleltest.SampleTestThree"/>
      </group> <!-- feature4 -->
      <group name="feature1">
        <method signature="SampleTestThree.testone()[pri:0, instance:paralleltest.SampleTestThree@44a7bfbc]" name="testone" class="paralleltest.SampleTestThree"/>
        <method signature="SampleTestThree.testthree()[pri:0, instance:paralleltest.SampleTestThree@44a7bfbc]" name="testthree" class="paralleltest.SampleTestThree"/>
      </group> <!-- feature1 -->
    </groups>
    <test started-at="2023-12-19T17:19:45 GMT" name="ModuleOneTest" finished-at="2023-12-19T17:19:45 GMT" duration-ms="115">
      <class name="paralleltest.SampleTestTwo">
        <test-method signature="testOne()[pri:0, instance:paralleltest.SampleTestTwo@152aa092]" started-at="2023-12-19T17:19:45 GMT" name="testOne" finished-at="2023-12-19T17:19:45 GMT" duration-ms="18" status="PASS">
          <reporter-output>
          </reporter-output>
        </test-method> <!-- testOne -->
        <test-method signature="testThree()[pri:0, instance:paralleltest.SampleTestTwo@152aa092]" started-at="2023-12-19T17:19:45 GMT" name="testThree" finished-at="2023-12-19T17:19:45 GMT" duration-ms="20" status="PASS">
          <reporter-output>
          </reporter-output>
        </test-method> <!-- testThree -->
        <test-method signature="testTwo()[pri:0, instance:paralleltest.SampleTestTwo@152aa092]" started-at="2023-12-19T17:19:45 GMT" name="testTwo" finished-at="2023-12-19T17:19:45 GMT" duration-ms="2" status="PASS">
          <reporter-output>
          </reporter-output>
        </test-method> <!-- testTwo -->
      </class> <!-- paralleltest.SampleTestTwo -->
      <class name="paralleltest.SampleTestThree">
        <test-method signature="testfour()[pri:0, instance:paralleltest.SampleTestThree@44a7bfbc]" started-at="2023-12-19T17:19:45 GMT" name="testfour" finished-at="2023-12-19T17:19:45 GMT" duration-ms="17" status="PASS">
          <reporter-output>
          </reporter-output>
        </test-method> <!-- testfour -->
        <test-method signature="testone()[pri:0, instance:paralleltest.SampleTestThree@44a7bfbc]" started-at="2023-12-19T17:19:45 GMT" name="testone" finished-at="2023-12-19T17:19:45 GMT" duration-ms="14" status="PASS">
          <reporter-output>
          </reporter-output>
        </test-method> <!-- testone -->
        <test-method signature="testthree()[pri:0, instance:paralleltest.SampleTestThree@44a7bfbc]" started-at="2023-12-19T17:19:45 GMT" name="testthree" finished-at="2023-12-19T17:19:45 GMT" duration-ms="2" status="PASS">
          <reporter-output>
          </reporter-output>
        </test-method> <!-- testthree -->
        <test-method signature="testtwo()[pri:0, instance:paralleltest.SampleTestThree@44a7bfbc]" started-at="2023-12-19T17:19:45 GMT" name="testtwo" finished-at="2023-12-19T17:19:45 GMT" duration-ms="4" status="PASS">
          <reporter-output>
          </reporter-output>
        </test-method> <!-- testtwo -->
      </class> <!-- paralleltest.SampleTestThree -->
      <class name="paralleltest.SampleTestOne">
        <test-method signature="testOne()[pri:0, instance:paralleltest.SampleTestOne@524d6d96]" started-at="2023-12-19T17:19:45 GMT" name="testOne" finished-at="2023-12-19T17:19:45 GMT" duration-ms="18" status="PASS">
          <reporter-output>
          </reporter-output>
        </test-method> <!-- testOne -->
        <test-method signature="testThree()[pri:0, instance:paralleltest.SampleTestOne@524d6d96]" started-at="2023-12-19T17:19:45 GMT" name="testThree" finished-at="2023-12-19T17:19:45 GMT" duration-ms="4" status="PASS">
          <reporter-output>
          </reporter-output>
        </test-method> <!-- testThree -->
        <test-method signature="testTwo()[pri:0, instance:paralleltest.SampleTestOne@524d6d96]" started-at="2023-12-19T17:19:45 GMT" name="testTwo" finished-at="2023-12-19T17:19:45 GMT" duration-ms="17" status="PASS">
          <reporter-output>
          </reporter-output>
        </test-method> <!-- testTwo -->
      </class> <!-- paralleltest.SampleTestOne -->
    </test> <!-- ModuleOneTest -->
  </suite> <!-- SampleSuite -->
</testng-results>
